000 (997809.000.000) 06/19 14:49:46 Job submitted from host: <131.169.223.41:9618?addrs=131.169.223.41-9618+[2001-638-700-10df--1-29]-9618&noUDP&sock=2366093_92c3_3>
...
000 (997809.001.000) 06/19 14:49:46 Job submitted from host: <131.169.223.41:9618?addrs=131.169.223.41-9618+[2001-638-700-10df--1-29]-9618&noUDP&sock=2366093_92c3_3>
...
001 (997809.001.000) 06/19 15:04:47 Job executing on host: <131.169.76.36:41056?addrs=131.169.76.36-41056>
...
001 (997809.000.000) 06/19 15:04:49 Job executing on host: <131.169.76.35:45637?addrs=131.169.76.35-45637>
...
006 (997809.001.000) 06/19 15:04:56 Image size of job updated: 88884
	33  -  MemoryUsage of job (MB)
	33548  -  ResidentSetSize of job (KB)
...
006 (997809.000.000) 06/19 15:04:58 Image size of job updated: 88892
	33  -  MemoryUsage of job (MB)
	33544  -  ResidentSetSize of job (KB)
...
006 (997809.001.000) 06/19 15:09:56 Image size of job updated: 113604
	59  -  MemoryUsage of job (MB)
	59468  -  ResidentSetSize of job (KB)
...
006 (997809.000.000) 06/19 15:09:59 Image size of job updated: 111272
	56  -  MemoryUsage of job (MB)
	57152  -  ResidentSetSize of job (KB)
...
006 (997809.001.000) 06/19 15:14:56 Image size of job updated: 187860
	109  -  MemoryUsage of job (MB)
	111032  -  ResidentSetSize of job (KB)
...
006 (997809.000.000) 06/19 15:14:59 Image size of job updated: 187728
	109  -  MemoryUsage of job (MB)
	110916  -  ResidentSetSize of job (KB)
...
006 (997809.001.000) 06/19 15:24:57 Image size of job updated: 192572
	114  -  MemoryUsage of job (MB)
	115740  -  ResidentSetSize of job (KB)
...
006 (997809.000.000) 06/19 15:25:01 Image size of job updated: 194104
	115  -  MemoryUsage of job (MB)
	117288  -  ResidentSetSize of job (KB)
...
006 (997809.001.000) 06/19 15:29:59 Image size of job updated: 192572
	122  -  MemoryUsage of job (MB)
	124348  -  ResidentSetSize of job (KB)
...
006 (997809.000.000) 06/19 15:30:01 Image size of job updated: 195608
	119  -  MemoryUsage of job (MB)
	121060  -  ResidentSetSize of job (KB)
...
006 (997809.001.000) 06/19 15:35:00 Image size of job updated: 192572
	126  -  MemoryUsage of job (MB)
	128916  -  ResidentSetSize of job (KB)
...
006 (997809.000.000) 06/19 15:35:02 Image size of job updated: 195608
	122  -  MemoryUsage of job (MB)
	124920  -  ResidentSetSize of job (KB)
...
005 (997809.001.000) 06/19 15:38:26 Job terminated.
	(1) Normal termination (return value 0)
		Usr 0 00:07:24, Sys 0 00:00:03  -  Run Remote Usage
		Usr 0 00:00:00, Sys 0 00:00:00  -  Run Local Usage
		Usr 0 00:07:24, Sys 0 00:00:03  -  Total Remote Usage
		Usr 0 00:00:00, Sys 0 00:00:00  -  Total Local Usage
	0  -  Run Bytes Sent By Job
	0  -  Run Bytes Received By Job
	0  -  Total Bytes Sent By Job
	0  -  Total Bytes Received By Job
	Partitionable Resources :    Usage  Request Allocated 
	   Cpus                 :     0.77        1         1 
	   Disk (KB)            :     1     3584000   3810304 
	   Memory (MB)          :   126        4096      4096 
...
006 (997809.000.000) 06/19 15:40:02 Image size of job updated: 208704
	181  -  MemoryUsage of job (MB)
	185156  -  ResidentSetSize of job (KB)
...
006 (997809.000.000) 06/19 15:45:03 Image size of job updated: 208980
	184  -  MemoryUsage of job (MB)
	188088  -  ResidentSetSize of job (KB)
...
006 (997809.000.000) 06/19 15:50:03 Image size of job updated: 208980
	191  -  MemoryUsage of job (MB)
	195584  -  ResidentSetSize of job (KB)
...
005 (997809.000.000) 06/19 15:53:26 Job terminated.
	(1) Normal termination (return value 0)
		Usr 0 00:14:37, Sys 0 00:00:06  -  Run Remote Usage
		Usr 0 00:00:00, Sys 0 00:00:00  -  Run Local Usage
		Usr 0 00:14:37, Sys 0 00:00:06  -  Total Remote Usage
		Usr 0 00:00:00, Sys 0 00:00:00  -  Total Local Usage
	0  -  Run Bytes Sent By Job
	0  -  Run Bytes Received By Job
	0  -  Total Bytes Sent By Job
	0  -  Total Bytes Received By Job
	Partitionable Resources :    Usage  Request Allocated 
	   Cpus                 :     0.81        1         1 
	   Disk (KB)            :     1     3584000   3818852 
	   Memory (MB)          :   191        4096      4096 
...
